# JRE version: OpenJDK Runtime Environment Temurin-17.0.6+10 (17.0.6+10) (build 17.0.6+10)
# Java VM: OpenJDK 64-Bit Server VM Temurin-17.0.6+10 (17.0.6+10, mixed mode, tiered, compressed oops, compressed class ptrs, parallel gc, windows-amd64)
GC Precious Log:
 CPUs: 4 total, 4 available
 Memory: 8071M
 Large Page Support: Disabled
 NUMA Support: Disabled
 Compressed Oops: Enabled (32-bit)
 Alignments: Space 512K, Generation 512K, Heap 2M
 Heap Min Capacity: 100M
 Heap Initial Capacity: 100M
 Heap Max Capacity: 1G
 Pre-touch: Disabled
 Parallel Workers: 4
Heap:
 PSYoungGen      total 22528K, used 10398K [0x00000000eab00000, 0x00000000ec600000, 0x0000000100000000)
  eden space 21504K, 43% used [0x00000000eab00000,0x00000000eb429028,0x00000000ec000000)
  from space 1024K, 99% used [0x00000000ec000000,0x00000000ec0fea70,0x00000000ec100000)
  to   space 3072K, 0% used [0x00000000ec300000,0x00000000ec300000,0x00000000ec600000)
 ParOldGen       total 68608K, used 27513K [0x00000000c0000000, 0x00000000c4300000, 0x00000000eab00000)
  object space 68608K, 40% used [0x00000000c0000000,0x00000000c1ade518,0x00000000c4300000)
 Metaspace       used 41269K, committed 41920K, reserved 1089536K
  class space    used 4171K, committed 4480K, reserved 1048576K
GC Heap History (20 events):
Event: 7.931 GC heap before
{Heap before GC invocations=12 (full 2):
 PSYoungGen      total 24576K, used 23552K [0x00000000eab00000, 0x00000000ec700000, 0x0000000100000000)
  eden space 23552K, 100% used [0x00000000eab00000,0x00000000ec200000,0x00000000ec200000)
  from space 1024K, 0% used [0x00000000ec200000,0x00000000ec200000,0x00000000ec300000)
  to   space 2048K, 0% used [0x00000000ec500000,0x00000000ec500000,0x00000000ec700000)
 ParOldGen       total 68608K, used 11004K [0x00000000c0000000, 0x00000000c4300000, 0x00000000eab00000)
  object space 68608K, 16% used [0x00000000c0000000,0x00000000c0abf260,0x00000000c4300000)
 Metaspace       used 35928K, committed 36480K, reserved 1089536K
  class space    used 3643K, committed 3840K, reserved 1048576K
}
Event: 7.934 GC heap after
{Heap after GC invocations=12 (full 2):
 PSYoungGen      total 25088K, used 2016K [0x00000000eab00000, 0x00000000ec700000, 0x0000000100000000)
  eden space 23040K, 0% used [0x00000000eab00000,0x00000000eab00000,0x00000000ec180000)
  from space 2048K, 98% used [0x00000000ec500000,0x00000000ec6f8020,0x00000000ec700000)
  to   space 2560K, 0% used [0x00000000ec200000,0x00000000ec200000,0x00000000ec480000)
 ParOldGen       total 68608K, used 11060K [0x00000000c0000000, 0x00000000c4300000, 0x00000000eab00000)
  object space 68608K, 16% used [0x00000000c0000000,0x00000000c0acd260,0x00000000c4300000)
 Metaspace       used 35928K, committed 36480K, reserved 1089536K
  class space    used 3643K, committed 3840K, reserved 1048576K
}
Event: 8.141 GC heap before
{Heap before GC invocations=13 (full 2):
 PSYoungGen      total 25088K, used 25056K [0x00000000eab00000, 0x00000000ec700000, 0x0000000100000000)
  eden space 23040K, 100% used [0x00000000eab00000,0x00000000ec180000,0x00000000ec180000)
  from space 2048K, 98% used [0x00000000ec500000,0x00000000ec6f8020,0x00000000ec700000)
  to   space 2560K, 0% used [0x00000000ec200000,0x00000000ec200000,0x00000000ec480000)
 ParOldGen       total 68608K, used 11060K [0x00000000c0000000, 0x00000000c4300000, 0x00000000eab00000)
  object space 68608K, 16% used [0x00000000c0000000,0x00000000c0acd260,0x00000000c4300000)
 Metaspace       used 35962K, committed 36544K, reserved 1089536K
  class space    used 3645K, committed 3840K, reserved 1048576K
}
Event: 8.145 GC heap after
{Heap after GC invocations=13 (full 2):
 PSYoungGen      total 25088K, used 2144K [0x00000000eab00000, 0x00000000ec600000, 0x0000000100000000)
  eden space 22528K, 0% used [0x00000000eab00000,0x00000000eab00000,0x00000000ec100000)
  from space 2560K, 83% used [0x00000000ec200000,0x00000000ec418010,0x00000000ec480000)
  to   space 1536K, 0% used [0x00000000ec480000,0x00000000ec480000,0x00000000ec600000)
 ParOldGen       total 68608K, used 13036K [0x00000000c0000000, 0x00000000c4300000, 0x00000000eab00000)
  object space 68608K, 19% used [0x00000000c0000000,0x00000000c0cbb270,0x00000000c4300000)
 Metaspace       used 35962K, committed 36544K, reserved 1089536K
  class space    used 3645K, committed 3840K, reserved 1048576K
}
Event: 8.346 GC heap before
{Heap before GC invocations=14 (full 2):
 PSYoungGen      total 25088K, used 24291K [0x00000000eab00000, 0x00000000ec600000, 0x0000000100000000)
  eden space 22528K, 98% used [0x00000000eab00000,0x00000000ec0a0f68,0x00000000ec100000)
  from space 2560K, 83% used [0x00000000ec200000,0x00000000ec418010,0x00000000ec480000)
  to   space 1536K, 0% used [0x00000000ec480000,0x00000000ec480000,0x00000000ec600000)
 ParOldGen       total 68608K, used 13036K [0x00000000c0000000, 0x00000000c4300000, 0x00000000eab00000)
  object space 68608K, 19% used [0x00000000c0000000,0x00000000c0cbb270,0x00000000c4300000)
 Metaspace       used 36098K, committed 36736K, reserved 1089536K
  class space    used 3660K, committed 3904K, reserved 1048576K
}
Event: 8.350 GC heap after
{Heap after GC invocations=14 (full 2):
 PSYoungGen      total 23040K, used 1522K [0x00000000eab00000, 0x00000000ec980000, 0x0000000100000000)
  eden space 21504K, 0% used [0x00000000eab00000,0x00000000eab00000,0x00000000ec000000)
  from space 1536K, 99% used [0x00000000ec480000,0x00000000ec5fcb18,0x00000000ec600000)
  to   space 4608K, 0% used [0x00000000ec000000,0x00000000ec000000,0x00000000ec480000)
 ParOldGen       total 68608K, used 15620K [0x00000000c0000000, 0x00000000c4300000, 0x00000000eab00000)
  object space 68608K, 22% used [0x00000000c0000000,0x00000000c0f41280,0x00000000c4300000)
 Metaspace       used 36098K, committed 36736K, reserved 1089536K
  class space    used 3660K, committed 3904K, reserved 1048576K
}
Event: 8.430 GC heap before
{Heap before GC invocations=15 (full 2):
 PSYoungGen      total 23040K, used 23026K [0x00000000eab00000, 0x00000000ec980000, 0x0000000100000000)
  eden space 21504K, 100% used [0x00000000eab00000,0x00000000ec000000,0x00000000ec000000)
  from space 1536K, 99% used [0x00000000ec480000,0x00000000ec5fcb18,0x00000000ec600000)
  to   space 4608K, 0% used [0x00000000ec000000,0x00000000ec000000,0x00000000ec480000)
 ParOldGen       total 68608K, used 15620K [0x00000000c0000000, 0x00000000c4300000, 0x00000000eab00000)
  object space 68608K, 22% used [0x00000000c0000000,0x00000000c0f41280,0x00000000c4300000)
 Metaspace       used 36099K, committed 36736K, reserved 1089536K
  class space    used 3660K, committed 3904K, reserved 1048576K
}
Event: 8.434 GC heap after
{Heap after GC invocations=15 (full 2):
 PSYoungGen      total 24576K, used 2560K [0x00000000eab00000, 0x00000000ec700000, 0x0000000100000000)
  eden space 21504K, 0% used [0x00000000eab00000,0x00000000eab00000,0x00000000ec000000)
  from space 3072K, 83% used [0x00000000ec000000,0x00000000ec280010,0x00000000ec300000)
  to   space 3584K, 0% used [0x00000000ec380000,0x00000000ec380000,0x00000000ec700000)
 ParOldGen       total 68608K, used 17159K [0x00000000c0000000, 0x00000000c4300000, 0x00000000eab00000)
  object space 68608K, 25% used [0x00000000c0000000,0x00000000c10c1ec0,0x00000000c4300000)
 Metaspace       used 36099K, committed 36736K, reserved 1089536K
  class space    used 3660K, committed 3904K, reserved 1048576K
}
Event: 8.524 GC heap before
{Heap before GC invocations=16 (full 2):
 PSYoungGen      total 24576K, used 24064K [0x00000000eab00000, 0x00000000ec700000, 0x0000000100000000)
  eden space 21504K, 100% used [0x00000000eab00000,0x00000000ec000000,0x00000000ec000000)
  from space 3072K, 83% used [0x00000000ec000000,0x00000000ec280010,0x00000000ec300000)
  to   space 3584K, 0% used [0x00000000ec380000,0x00000000ec380000,0x00000000ec700000)
 ParOldGen       total 68608K, used 17159K [0x00000000c0000000, 0x00000000c4300000, 0x00000000eab00000)
  object space 68608K, 25% used [0x00000000c0000000,0x00000000c10c1ec0,0x00000000c4300000)
 Metaspace       used 36099K, committed 36736K, reserved 1089536K
  class space    used 3660K, committed 3904K, reserved 1048576K
}
Event: 8.528 GC heap after
{Heap after GC invocations=16 (full 2):
 PSYoungGen      total 24064K, used 2496K [0x00000000eab00000, 0x00000000ec600000, 0x0000000100000000)
  eden space 21504K, 0% used [0x00000000eab00000,0x00000000eab00000,0x00000000ec000000)
  from space 2560K, 97% used [0x00000000ec380000,0x00000000ec5f0010,0x00000000ec600000)
  to   space 3072K, 0% used [0x00000000ec000000,0x00000000ec000000,0x00000000ec300000)
 ParOldGen       total 68608K, used 19687K [0x00000000c0000000, 0x00000000c4300000, 0x00000000eab00000)
  object space 68608K, 28% used [0x00000000c0000000,0x00000000c1339ed0,0x00000000c4300000)
 Metaspace       used 36099K, committed 36736K, reserved 1089536K
  class space    used 3660K, committed 3904K, reserved 1048576K
}
Event: 8.612 GC heap before
{Heap before GC invocations=17 (full 2):
 PSYoungGen      total 24064K, used 24000K [0x00000000eab00000, 0x00000000ec600000, 0x0000000100000000)
  eden space 21504K, 100% used [0x00000000eab00000,0x00000000ec000000,0x00000000ec000000)
  from space 2560K, 97% used [0x00000000ec380000,0x00000000ec5f0010,0x00000000ec600000)
  to   space 3072K, 0% used [0x00000000ec000000,0x00000000ec000000,0x00000000ec300000)
 ParOldGen       total 68608K, used 19687K [0x00000000c0000000, 0x00000000c4300000, 0x00000000eab00000)
  object space 68608K, 28% used [0x00000000c0000000,0x00000000c1339ed0,0x00000000c4300000)
 Metaspace       used 36103K, committed 36736K, reserved 1089536K
  class space    used 3660K, committed 3904K, reserved 1048576K
}
Event: 8.617 GC heap after
{Heap after GC invocations=17 (full 2):
 PSYoungGen      total 23552K, used 1984K [0x00000000eab00000, 0x00000000ec500000, 0x0000000100000000)
  eden space 21504K, 0% used [0x00000000eab00000,0x00000000eab00000,0x00000000ec000000)
  from space 2048K, 96% used [0x00000000ec000000,0x00000000ec1f0000,0x00000000ec200000)
  to   space 2560K, 0% used [0x00000000ec280000,0x00000000ec280000,0x00000000ec500000)
 ParOldGen       total 68608K, used 22125K [0x00000000c0000000, 0x00000000c4300000, 0x00000000eab00000)
  object space 68608K, 32% used [0x00000000c0000000,0x00000000c159b760,0x00000000c4300000)
 Metaspace       used 36103K, committed 36736K, reserved 1089536K
  class space    used 3660K, committed 3904K, reserved 1048576K
}
Event: 9.250 GC heap before
{Heap before GC invocations=18 (full 2):
 PSYoungGen      total 23552K, used 23488K [0x00000000eab00000, 0x00000000ec500000, 0x0000000100000000)
  eden space 21504K, 100% used [0x00000000eab00000,0x00000000ec000000,0x00000000ec000000)
  from space 2048K, 96% used [0x00000000ec000000,0x00000000ec1f0000,0x00000000ec200000)
  to   space 2560K, 0% used [0x00000000ec280000,0x00000000ec280000,0x00000000ec500000)
 ParOldGen       total 68608K, used 22125K [0x00000000c0000000, 0x00000000c4300000, 0x00000000eab00000)
  object space 68608K, 32% used [0x00000000c0000000,0x00000000c159b760,0x00000000c4300000)
 Metaspace       used 37355K, committed 38080K, reserved 1089536K
  class space    used 3787K, committed 4096K, reserved 1048576K
}
Event: 9.254 GC heap after
{Heap after GC invocations=18 (full 2):
 PSYoungGen      total 24064K, used 2212K [0x00000000eab00000, 0x00000000ec500000, 0x0000000100000000)
  eden space 21504K, 0% used [0x00000000eab00000,0x00000000eab00000,0x00000000ec000000)
  from space 2560K, 86% used [0x00000000ec280000,0x00000000ec4a93d0,0x00000000ec500000)
  to   space 2560K, 0% used [0x00000000ec000000,0x00000000ec000000,0x00000000ec280000)
 ParOldGen       total 68608K, used 24066K [0x00000000c0000000, 0x00000000c4300000, 0x00000000eab00000)
  object space 68608K, 35% used [0x00000000c0000000,0x00000000c1780ab8,0x00000000c4300000)
 Metaspace       used 37355K, committed 38080K, reserved 1089536K
  class space    used 3787K, committed 4096K, reserved 1048576K
}
Event: 9.506 GC heap before
{Heap before GC invocations=19 (full 2):
 PSYoungGen      total 24064K, used 23716K [0x00000000eab00000, 0x00000000ec500000, 0x0000000100000000)
  eden space 21504K, 100% used [0x00000000eab00000,0x00000000ec000000,0x00000000ec000000)
  from space 2560K, 86% used [0x00000000ec280000,0x00000000ec4a93d0,0x00000000ec500000)
  to   space 2560K, 0% used [0x00000000ec000000,0x00000000ec000000,0x00000000ec280000)
 ParOldGen       total 68608K, used 24066K [0x00000000c0000000, 0x00000000c4300000, 0x00000000eab00000)
  object space 68608K, 35% used [0x00000000c0000000,0x00000000c1780ab8,0x00000000c4300000)
 Metaspace       used 37727K, committed 38464K, reserved 1089536K
  class space    used 3811K, committed 4160K, reserved 1048576K
}
Event: 9.508 GC heap after
{Heap after GC invocations=19 (full 2):
 PSYoungGen      total 22528K, used 620K [0x00000000eab00000, 0x00000000ec300000, 0x0000000100000000)
  eden space 21504K, 0% used [0x00000000eab00000,0x00000000eab00000,0x00000000ec000000)
  from space 1024K, 60% used [0x00000000ec000000,0x00000000ec09b218,0x00000000ec100000)
  to   space 1536K, 0% used [0x00000000ec180000,0x00000000ec180000,0x00000000ec300000)
 ParOldGen       total 68608K, used 25998K [0x00000000c0000000, 0x00000000c4300000, 0x00000000eab00000)
  object space 68608K, 37% used [0x00000000c0000000,0x00000000c1963a78,0x00000000c4300000)
 Metaspace       used 37727K, committed 38464K, reserved 1089536K
  class space    used 3811K, committed 4160K, reserved 1048576K
}
Event: 10.145 GC heap before
{Heap before GC invocations=20 (full 2):
 PSYoungGen      total 22528K, used 22124K [0x00000000eab00000, 0x00000000ec300000, 0x0000000100000000)
  eden space 21504K, 100% used [0x00000000eab00000,0x00000000ec000000,0x00000000ec000000)
  from space 1024K, 60% used [0x00000000ec000000,0x00000000ec09b218,0x00000000ec100000)
  to   space 1536K, 0% used [0x00000000ec180000,0x00000000ec180000,0x00000000ec300000)
 ParOldGen       total 68608K, used 25998K [0x00000000c0000000, 0x00000000c4300000, 0x00000000eab00000)
  object space 68608K, 37% used [0x00000000c0000000,0x00000000c1963a78,0x00000000c4300000)
 Metaspace       used 39433K, committed 40128K, reserved 1089536K
  class space    used 4039K, committed 4352K, reserved 1048576K
}
Event: 10.146 GC heap after
{Heap after GC invocations=20 (full 2):
 PSYoungGen      total 22528K, used 806K [0x00000000eab00000, 0x00000000ec280000, 0x0000000100000000)
  eden space 21504K, 0% used [0x00000000eab00000,0x00000000eab00000,0x00000000ec000000)
  from space 1024K, 78% used [0x00000000ec180000,0x00000000ec249ab0,0x00000000ec280000)
  to   space 1024K, 0% used [0x00000000ec000000,0x00000000ec000000,0x00000000ec100000)
 ParOldGen       total 68608K, used 26214K [0x00000000c0000000, 0x00000000c4300000, 0x00000000eab00000)
  object space 68608K, 38% used [0x00000000c0000000,0x00000000c1999a78,0x00000000c4300000)
 Metaspace       used 39433K, committed 40128K, reserved 1089536K
  class space    used 4039K, committed 4352K, reserved 1048576K
}
Event: 10.954 GC heap before
{Heap before GC invocations=21 (full 2):
 PSYoungGen      total 22528K, used 22310K [0x00000000eab00000, 0x00000000ec280000, 0x0000000100000000)
  eden space 21504K, 100% used [0x00000000eab00000,0x00000000ec000000,0x00000000ec000000)
  from space 1024K, 78% used [0x00000000ec180000,0x00000000ec249ab0,0x00000000ec280000)
  to   space 1024K, 0% used [0x00000000ec000000,0x00000000ec000000,0x00000000ec100000)
 ParOldGen       total 68608K, used 26214K [0x00000000c0000000, 0x00000000c4300000, 0x00000000eab00000)
  object space 68608K, 38% used [0x00000000c0000000,0x00000000c1999a78,0x00000000c4300000)
 Metaspace       used 41195K, committed 41856K, reserved 1089536K
  class space    used 4171K, committed 4480K, reserved 1048576K
}
Event: 10.956 GC heap after
{Heap after GC invocations=21 (full 2):
 PSYoungGen      total 22528K, used 1018K [0x00000000eab00000, 0x00000000ec600000, 0x0000000100000000)
  eden space 21504K, 0% used [0x00000000eab00000,0x00000000eab00000,0x00000000ec000000)
  from space 1024K, 99% used [0x00000000ec000000,0x00000000ec0fea70,0x00000000ec100000)
  to   space 3072K, 0% used [0x00000000ec300000,0x00000000ec300000,0x00000000ec600000)
 ParOldGen       total 68608K, used 27513K [0x00000000c0000000, 0x00000000c4300000, 0x00000000eab00000)
  object space 68608K, 40% used [0x00000000c0000000,0x00000000c1ade518,0x00000000c4300000)
 Metaspace       used 41195K, committed 41856K, reserved 1089536K
  class space    used 4171K, committed 4480K, reserved 1048576K
}

