# JRE version: OpenJDK Runtime Environment Temurin-17.0.6+10 (17.0.6+10) (build 17.0.6+10)
# Java VM: OpenJDK 64-Bit Server VM Temurin-17.0.6+10 (17.0.6+10, mixed mode, tiered, compressed oops, compressed class ptrs, parallel gc, windows-amd64)
GC Precious Log:
 CPUs: 4 total, 4 available
 Memory: 8071M
 Large Page Support: Disabled
 NUMA Support: Disabled
 Compressed Oops: Enabled (32-bit)
 Alignments: Space 512K, Generation 512K, Heap 2M
 Heap Min Capacity: 100M
 Heap Initial Capacity: 100M
 Heap Max Capacity: 1G
 Pre-touch: Disabled
 Parallel Workers: 4
Heap:
 PSYoungGen      total 18432K, used 12336K [0x00000000eab00000, 0x00000000ec480000, 0x0000000100000000)
  eden space 11264K, 57% used [0x00000000eab00000,0x00000000eb14c408,0x00000000eb600000)
  from space 7168K, 82% used [0x00000000eb600000,0x00000000ebbbfd60,0x00000000ebd00000)
  to   space 7168K, 0% used [0x00000000ebd80000,0x00000000ebd80000,0x00000000ec480000)
 ParOldGen       total 699392K, used 209880K [0x00000000c0000000, 0x00000000eab00000, 0x00000000eab00000)
  object space 699392K, 30% used [0x00000000c0000000,0x00000000cccf60d0,0x00000000eab00000)
 Metaspace       used 58447K, committed 59392K, reserved 1105920K
  class space    used 6176K, committed 6592K, reserved 1048576K
GC Heap History (20 events):
Event: 31.923 GC heap before
{Heap before GC invocations=180 (full 83):
 PSYoungGen      total 17408K, used 16988K [0x00000000eab00000, 0x00000000ec400000, 0x0000000100000000)
  eden space 10752K, 100% used [0x00000000eab00000,0x00000000eb580000,0x00000000eb580000)
  from space 6656K, 93% used [0x00000000ebd80000,0x00000000ec397190,0x00000000ec400000)
  to   space 7168K, 0% used [0x00000000eb600000,0x00000000eb600000,0x00000000ebd00000)
 ParOldGen       total 699392K, used 183586K [0x00000000c0000000, 0x00000000eab00000, 0x00000000eab00000)
  object space 699392K, 26% used [0x00000000c0000000,0x00000000cb348b20,0x00000000eab00000)
 Metaspace       used 58447K, committed 59392K, reserved 1105920K
  class space    used 6176K, committed 6592K, reserved 1048576K
}
Event: 31.928 GC heap after
{Heap after GC invocations=180 (full 83):
 PSYoungGen      total 17920K, used 7161K [0x00000000eab00000, 0x00000000ec400000, 0x0000000100000000)
  eden space 10752K, 0% used [0x00000000eab00000,0x00000000eab00000,0x00000000eb580000)
  from space 7168K, 99% used [0x00000000eb600000,0x00000000ebcfe788,0x00000000ebd00000)
  to   space 6656K, 0% used [0x00000000ebd80000,0x00000000ebd80000,0x00000000ec400000)
 ParOldGen       total 699392K, used 185115K [0x00000000c0000000, 0x00000000eab00000, 0x00000000eab00000)
  object space 699392K, 26% used [0x00000000c0000000,0x00000000cb4c6dd8,0x00000000eab00000)
 Metaspace       used 58447K, committed 59392K, reserved 1105920K
  class space    used 6176K, committed 6592K, reserved 1048576K
}
Event: 31.963 GC heap before
{Heap before GC invocations=181 (full 83):
 PSYoungGen      total 17920K, used 17913K [0x00000000eab00000, 0x00000000ec400000, 0x0000000100000000)
  eden space 10752K, 100% used [0x00000000eab00000,0x00000000eb580000,0x00000000eb580000)
  from space 7168K, 99% used [0x00000000eb600000,0x00000000ebcfe788,0x00000000ebd00000)
  to   space 6656K, 0% used [0x00000000ebd80000,0x00000000ebd80000,0x00000000ec400000)
 ParOldGen       total 699392K, used 185115K [0x00000000c0000000, 0x00000000eab00000, 0x00000000eab00000)
  object space 699392K, 26% used [0x00000000c0000000,0x00000000cb4c6dd8,0x00000000eab00000)
 Metaspace       used 58447K, committed 59392K, reserved 1105920K
  class space    used 6176K, committed 6592K, reserved 1048576K
}
Event: 31.969 GC heap after
{Heap after GC invocations=181 (full 83):
 PSYoungGen      total 17408K, used 6642K [0x00000000eab00000, 0x00000000ec400000, 0x0000000100000000)
  eden space 10752K, 0% used [0x00000000eab00000,0x00000000eab00000,0x00000000eb580000)
  from space 6656K, 99% used [0x00000000ebd80000,0x00000000ec3fc8e8,0x00000000ec400000)
  to   space 7168K, 0% used [0x00000000eb600000,0x00000000eb600000,0x00000000ebd00000)
 ParOldGen       total 699392K, used 187878K [0x00000000c0000000, 0x00000000eab00000, 0x00000000eab00000)
  object space 699392K, 26% used [0x00000000c0000000,0x00000000cb779a18,0x00000000eab00000)
 Metaspace       used 58447K, committed 59392K, reserved 1105920K
  class space    used 6176K, committed 6592K, reserved 1048576K
}
Event: 32.003 GC heap before
{Heap before GC invocations=182 (full 83):
 PSYoungGen      total 17408K, used 17394K [0x00000000eab00000, 0x00000000ec400000, 0x0000000100000000)
  eden space 10752K, 100% used [0x00000000eab00000,0x00000000eb580000,0x00000000eb580000)
  from space 6656K, 99% used [0x00000000ebd80000,0x00000000ec3fc8e8,0x00000000ec400000)
  to   space 7168K, 0% used [0x00000000eb600000,0x00000000eb600000,0x00000000ebd00000)
 ParOldGen       total 699392K, used 187878K [0x00000000c0000000, 0x00000000eab00000, 0x00000000eab00000)
  object space 699392K, 26% used [0x00000000c0000000,0x00000000cb779a18,0x00000000eab00000)
 Metaspace       used 58447K, committed 59392K, reserved 1105920K
  class space    used 6176K, committed 6592K, reserved 1048576K
}
Event: 32.009 GC heap after
{Heap after GC invocations=182 (full 83):
 PSYoungGen      total 18432K, used 6240K [0x00000000eab00000, 0x00000000ec500000, 0x0000000100000000)
  eden space 11264K, 0% used [0x00000000eab00000,0x00000000eab00000,0x00000000eb600000)
  from space 7168K, 87% used [0x00000000eb600000,0x00000000ebc181a0,0x00000000ebd00000)
  to   space 7680K, 0% used [0x00000000ebd80000,0x00000000ebd80000,0x00000000ec500000)
 ParOldGen       total 699392K, used 190820K [0x00000000c0000000, 0x00000000eab00000, 0x00000000eab00000)
  object space 699392K, 27% used [0x00000000c0000000,0x00000000cba59138,0x00000000eab00000)
 Metaspace       used 58447K, committed 59392K, reserved 1105920K
  class space    used 6176K, committed 6592K, reserved 1048576K
}
Event: 32.050 GC heap before
{Heap before GC invocations=183 (full 83):
 PSYoungGen      total 18432K, used 17504K [0x00000000eab00000, 0x00000000ec500000, 0x0000000100000000)
  eden space 11264K, 100% used [0x00000000eab00000,0x00000000eb600000,0x00000000eb600000)
  from space 7168K, 87% used [0x00000000eb600000,0x00000000ebc181a0,0x00000000ebd00000)
  to   space 7680K, 0% used [0x00000000ebd80000,0x00000000ebd80000,0x00000000ec500000)
 ParOldGen       total 699392K, used 190820K [0x00000000c0000000, 0x00000000eab00000, 0x00000000eab00000)
  object space 699392K, 27% used [0x00000000c0000000,0x00000000cba59138,0x00000000eab00000)
 Metaspace       used 58447K, committed 59392K, reserved 1105920K
  class space    used 6176K, committed 6592K, reserved 1048576K
}
Event: 32.054 GC heap after
{Heap after GC invocations=183 (full 83):
 PSYoungGen      total 18944K, used 7678K [0x00000000eab00000, 0x00000000ec500000, 0x0000000100000000)
  eden space 11264K, 0% used [0x00000000eab00000,0x00000000eab00000,0x00000000eb600000)
  from space 7680K, 99% used [0x00000000ebd80000,0x00000000ec4ffaf8,0x00000000ec500000)
  to   space 7168K, 0% used [0x00000000eb600000,0x00000000eb600000,0x00000000ebd00000)
 ParOldGen       total 699392K, used 191848K [0x00000000c0000000, 0x00000000eab00000, 0x00000000eab00000)
  object space 699392K, 27% used [0x00000000c0000000,0x00000000cbb5a170,0x00000000eab00000)
 Metaspace       used 58447K, committed 59392K, reserved 1105920K
  class space    used 6176K, committed 6592K, reserved 1048576K
}
Event: 32.096 GC heap before
{Heap before GC invocations=184 (full 83):
 PSYoungGen      total 18944K, used 18942K [0x00000000eab00000, 0x00000000ec500000, 0x0000000100000000)
  eden space 11264K, 100% used [0x00000000eab00000,0x00000000eb600000,0x00000000eb600000)
  from space 7680K, 99% used [0x00000000ebd80000,0x00000000ec4ffaf8,0x00000000ec500000)
  to   space 7168K, 0% used [0x00000000eb600000,0x00000000eb600000,0x00000000ebd00000)
 ParOldGen       total 699392K, used 191848K [0x00000000c0000000, 0x00000000eab00000, 0x00000000eab00000)
  object space 699392K, 27% used [0x00000000c0000000,0x00000000cbb5a170,0x00000000eab00000)
 Metaspace       used 58447K, committed 59392K, reserved 1105920K
  class space    used 6176K, committed 6592K, reserved 1048576K
}
Event: 32.101 GC heap after
{Heap after GC invocations=184 (full 83):
 PSYoungGen      total 18432K, used 6484K [0x00000000eab00000, 0x00000000ec580000, 0x0000000100000000)
  eden space 11264K, 0% used [0x00000000eab00000,0x00000000eab00000,0x00000000eb600000)
  from space 7168K, 90% used [0x00000000eb600000,0x00000000ebc55100,0x00000000ebd00000)
  to   space 7680K, 0% used [0x00000000ebe00000,0x00000000ebe00000,0x00000000ec580000)
 ParOldGen       total 699392K, used 195363K [0x00000000c0000000, 0x00000000eab00000, 0x00000000eab00000)
  object space 699392K, 27% used [0x00000000c0000000,0x00000000cbec8e38,0x00000000eab00000)
 Metaspace       used 58447K, committed 59392K, reserved 1105920K
  class space    used 6176K, committed 6592K, reserved 1048576K
}
Event: 32.141 GC heap before
{Heap before GC invocations=185 (full 83):
 PSYoungGen      total 18432K, used 17748K [0x00000000eab00000, 0x00000000ec580000, 0x0000000100000000)
  eden space 11264K, 99% used [0x00000000eab00000,0x00000000eb5fffe8,0x00000000eb600000)
  from space 7168K, 90% used [0x00000000eb600000,0x00000000ebc55100,0x00000000ebd00000)
  to   space 7680K, 0% used [0x00000000ebe00000,0x00000000ebe00000,0x00000000ec580000)
 ParOldGen       total 699392K, used 195363K [0x00000000c0000000, 0x00000000eab00000, 0x00000000eab00000)
  object space 699392K, 27% used [0x00000000c0000000,0x00000000cbec8e38,0x00000000eab00000)
 Metaspace       used 58447K, committed 59392K, reserved 1105920K
  class space    used 6176K, committed 6592K, reserved 1048576K
}
Event: 32.145 GC heap after
{Heap after GC invocations=185 (full 83):
 PSYoungGen      total 18944K, used 7666K [0x00000000eab00000, 0x00000000ec580000, 0x0000000100000000)
  eden space 11264K, 0% used [0x00000000eab00000,0x00000000eab00000,0x00000000eb600000)
  from space 7680K, 99% used [0x00000000ebe00000,0x00000000ec57c9b8,0x00000000ec580000)
  to   space 7168K, 0% used [0x00000000eb600000,0x00000000eb600000,0x00000000ebd00000)
 ParOldGen       total 699392K, used 196481K [0x00000000c0000000, 0x00000000eab00000, 0x00000000eab00000)
  object space 699392K, 28% used [0x00000000c0000000,0x00000000cbfe06f8,0x00000000eab00000)
 Metaspace       used 58447K, committed 59392K, reserved 1105920K
  class space    used 6176K, committed 6592K, reserved 1048576K
}
Event: 32.189 GC heap before
{Heap before GC invocations=186 (full 83):
 PSYoungGen      total 18944K, used 18930K [0x00000000eab00000, 0x00000000ec580000, 0x0000000100000000)
  eden space 11264K, 100% used [0x00000000eab00000,0x00000000eb600000,0x00000000eb600000)
  from space 7680K, 99% used [0x00000000ebe00000,0x00000000ec57c9b8,0x00000000ec580000)
  to   space 7168K, 0% used [0x00000000eb600000,0x00000000eb600000,0x00000000ebd00000)
 ParOldGen       total 699392K, used 196481K [0x00000000c0000000, 0x00000000eab00000, 0x00000000eab00000)
  object space 699392K, 28% used [0x00000000c0000000,0x00000000cbfe06f8,0x00000000eab00000)
 Metaspace       used 58447K, committed 59392K, reserved 1105920K
  class space    used 6176K, committed 6592K, reserved 1048576K
}
Event: 32.194 GC heap after
{Heap after GC invocations=186 (full 83):
 PSYoungGen      total 18432K, used 6114K [0x00000000eab00000, 0x00000000ec480000, 0x0000000100000000)
  eden space 11264K, 0% used [0x00000000eab00000,0x00000000eab00000,0x00000000eb600000)
  from space 7168K, 85% used [0x00000000eb600000,0x00000000ebbf8be8,0x00000000ebd00000)
  to   space 7168K, 0% used [0x00000000ebd80000,0x00000000ebd80000,0x00000000ec480000)
 ParOldGen       total 699392K, used 200312K [0x00000000c0000000, 0x00000000eab00000, 0x00000000eab00000)
  object space 699392K, 28% used [0x00000000c0000000,0x00000000cc39e0a0,0x00000000eab00000)
 Metaspace       used 58447K, committed 59392K, reserved 1105920K
  class space    used 6176K, committed 6592K, reserved 1048576K
}
Event: 32.231 GC heap before
{Heap before GC invocations=187 (full 83):
 PSYoungGen      total 18432K, used 17378K [0x00000000eab00000, 0x00000000ec480000, 0x0000000100000000)
  eden space 11264K, 100% used [0x00000000eab00000,0x00000000eb600000,0x00000000eb600000)
  from space 7168K, 85% used [0x00000000eb600000,0x00000000ebbf8be8,0x00000000ebd00000)
  to   space 7168K, 0% used [0x00000000ebd80000,0x00000000ebd80000,0x00000000ec480000)
 ParOldGen       total 699392K, used 200312K [0x00000000c0000000, 0x00000000eab00000, 0x00000000eab00000)
  object space 699392K, 28% used [0x00000000c0000000,0x00000000cc39e0a0,0x00000000eab00000)
 Metaspace       used 58447K, committed 59392K, reserved 1105920K
  class space    used 6176K, committed 6592K, reserved 1048576K
}
Event: 32.236 GC heap after
{Heap after GC invocations=187 (full 83):
 PSYoungGen      total 18432K, used 7161K [0x00000000eab00000, 0x00000000ec480000, 0x0000000100000000)
  eden space 11264K, 0% used [0x00000000eab00000,0x00000000eab00000,0x00000000eb600000)
  from space 7168K, 99% used [0x00000000ebd80000,0x00000000ec47e688,0x00000000ec480000)
  to   space 7168K, 0% used [0x00000000eb600000,0x00000000eb600000,0x00000000ebd00000)
 ParOldGen       total 699392K, used 201549K [0x00000000c0000000, 0x00000000eab00000, 0x00000000eab00000)
  object space 699392K, 28% used [0x00000000c0000000,0x00000000cc4d35c8,0x00000000eab00000)
 Metaspace       used 58447K, committed 59392K, reserved 1105920K
  class space    used 6176K, committed 6592K, reserved 1048576K
}
Event: 32.287 GC heap before
{Heap before GC invocations=188 (full 83):
 PSYoungGen      total 18432K, used 18425K [0x00000000eab00000, 0x00000000ec480000, 0x0000000100000000)
  eden space 11264K, 100% used [0x00000000eab00000,0x00000000eb600000,0x00000000eb600000)
  from space 7168K, 99% used [0x00000000ebd80000,0x00000000ec47e688,0x00000000ec480000)
  to   space 7168K, 0% used [0x00000000eb600000,0x00000000eb600000,0x00000000ebd00000)
 ParOldGen       total 699392K, used 201549K [0x00000000c0000000, 0x00000000eab00000, 0x00000000eab00000)
  object space 699392K, 28% used [0x00000000c0000000,0x00000000cc4d35c8,0x00000000eab00000)
 Metaspace       used 58447K, committed 59392K, reserved 1105920K
  class space    used 6176K, committed 6592K, reserved 1048576K
}
Event: 32.292 GC heap after
{Heap after GC invocations=188 (full 83):
 PSYoungGen      total 18432K, used 5960K [0x00000000eab00000, 0x00000000ec480000, 0x0000000100000000)
  eden space 11264K, 0% used [0x00000000eab00000,0x00000000eab00000,0x00000000eb600000)
  from space 7168K, 83% used [0x00000000eb600000,0x00000000ebbd23f8,0x00000000ebd00000)
  to   space 7168K, 0% used [0x00000000ebd80000,0x00000000ebd80000,0x00000000ec480000)
 ParOldGen       total 699392K, used 205089K [0x00000000c0000000, 0x00000000eab00000, 0x00000000eab00000)
  object space 699392K, 29% used [0x00000000c0000000,0x00000000cc8484f8,0x00000000eab00000)
 Metaspace       used 58447K, committed 59392K, reserved 1105920K
  class space    used 6176K, committed 6592K, reserved 1048576K
}
Event: 32.343 GC heap before
{Heap before GC invocations=189 (full 83):
 PSYoungGen      total 18432K, used 17224K [0x00000000eab00000, 0x00000000ec480000, 0x0000000100000000)
  eden space 11264K, 100% used [0x00000000eab00000,0x00000000eb600000,0x00000000eb600000)
  from space 7168K, 83% used [0x00000000eb600000,0x00000000ebbd23f8,0x00000000ebd00000)
  to   space 7168K, 0% used [0x00000000ebd80000,0x00000000ebd80000,0x00000000ec480000)
 ParOldGen       total 699392K, used 205089K [0x00000000c0000000, 0x00000000eab00000, 0x00000000eab00000)
  object space 699392K, 29% used [0x00000000c0000000,0x00000000cc8484f8,0x00000000eab00000)
 Metaspace       used 58447K, committed 59392K, reserved 1105920K
  class space    used 6176K, committed 6592K, reserved 1048576K
}
Event: 32.348 GC heap after
{Heap after GC invocations=189 (full 83):
 PSYoungGen      total 18432K, used 7146K [0x00000000eab00000, 0x00000000ec480000, 0x0000000100000000)
  eden space 11264K, 0% used [0x00000000eab00000,0x00000000eab00000,0x00000000eb600000)
  from space 7168K, 99% used [0x00000000ebd80000,0x00000000ec47aaf0,0x00000000ec480000)
  to   space 7168K, 0% used [0x00000000eb600000,0x00000000eb600000,0x00000000ebd00000)
 ParOldGen       total 699392K, used 206323K [0x00000000c0000000, 0x00000000eab00000, 0x00000000eab00000)
  object space 699392K, 29% used [0x00000000c0000000,0x00000000cc97cfd0,0x00000000eab00000)
 Metaspace       used 58447K, committed 59392K, reserved 1105920K
  class space    used 6176K, committed 6592K, reserved 1048576K
}

